<?xml version="1.0" encoding="UTF-8"?>
<testsuite name="com.example.demo.controller.StockControllerTest" tests="7" skipped="0" failures="0" errors="0" timestamp="2025-02-16T13:04:22" hostname="goormui-MacBookPro-2.local" time="0.135">
  <properties/>
  <testcase name="API 키 누락 - 400 Bad Request" classname="com.example.demo.controller.StockControllerTest" time="0.022"/>
  <testcase name="정상 요청 - 200 OK" classname="com.example.demo.controller.StockControllerTest" time="0.034"/>
  <testcase name="잘못된 API 키 - 403 Forbidden" classname="com.example.demo.controller.StockControllerTest" time="0.006"/>
  <testcase name="필수 파라미터 누락 - 400 Bad Request" classname="com.example.demo.controller.StockControllerTest" time="0.007"/>
  <testcase name="정상 요청 - XML 응답" classname="com.example.demo.controller.StockControllerTest" time="0.045"/>
  <testcase name="Rate Limit 초과 시 429 Too Many Requests 반환" classname="com.example.demo.controller.StockControllerTest" time="0.013"/>
  <testcase name="정상 요청 - JSON 응답" classname="com.example.demo.controller.StockControllerTest" time="0.003"/>
  <system-out><![CDATA[2025-02-16T22:04:21.551+09:00  INFO 19021 --- [    Test worker] t.c.s.AnnotationConfigContextLoaderUtils : Could not detect default configuration classes for test class [com.example.demo.controller.StockControllerTest]: StockControllerTest does not declare any static, non-private, non-final, nested classes annotated with @Configuration.
2025-02-16T22:04:21.557+09:00  INFO 19021 --- [    Test worker] .b.t.c.SpringBootTestContextBootstrapper : Found @SpringBootConfiguration com.example.demo.DemoApplication for test class com.example.demo.controller.StockControllerTest

  .   ____          _            __ _ _
 /\\ / ___'_ __ _ _(_)_ __  __ _ \ \ \ \
( ( )\___ | '_ | '_| | '_ \/ _` | \ \ \ \
 \\/  ___)| |_)| | | | | || (_| |  ) ) ) )
  '  |____| .__|_| |_|_| |_\__, | / / / /
 =========|_|==============|___/=/_/_/_/

 :: Spring Boot ::                (v3.4.2)

2025-02-16T22:04:21.568+09:00  INFO 19021 --- [    Test worker] c.e.demo.controller.StockControllerTest  : Starting StockControllerTest using Java 17.0.14 with PID 19021 (started by goorm in /Users/goorm/Desktop/ktb-be-dev-assignment/be-dev)
2025-02-16T22:04:21.568+09:00  INFO 19021 --- [    Test worker] c.e.demo.controller.StockControllerTest  : No active profile set, falling back to 1 default profile: "default"
2025-02-16T22:04:21.627+09:00  INFO 19021 --- [    Test worker] .s.d.r.c.RepositoryConfigurationDelegate : Bootstrapping Spring Data JPA repositories in DEFAULT mode.
2025-02-16T22:04:21.631+09:00  INFO 19021 --- [    Test worker] .s.d.r.c.RepositoryConfigurationDelegate : Finished Spring Data repository scanning in 3 ms. Found 2 JPA repository interfaces.
2025-02-16T22:04:21.777+09:00  INFO 19021 --- [    Test worker] o.hibernate.jpa.internal.util.LogHelper  : HHH000204: Processing PersistenceUnitInfo [name: default]
2025-02-16T22:04:21.781+09:00  INFO 19021 --- [    Test worker] o.h.c.internal.RegionFactoryInitiator    : HHH000026: Second-level cache disabled
2025-02-16T22:04:21.793+09:00  INFO 19021 --- [    Test worker] o.s.o.j.p.SpringPersistenceUnitInfo      : No LoadTimeWeaver setup: ignoring JPA class transformer
2025-02-16T22:04:21.794+09:00  INFO 19021 --- [    Test worker] com.zaxxer.hikari.HikariDataSource       : HikariPool-2 - Starting...
2025-02-16T22:04:21.862+09:00  INFO 19021 --- [    Test worker] com.zaxxer.hikari.pool.HikariPool        : HikariPool-2 - Added connection com.mysql.cj.jdbc.ConnectionImpl@56c95789
2025-02-16T22:04:21.862+09:00  INFO 19021 --- [    Test worker] com.zaxxer.hikari.HikariDataSource       : HikariPool-2 - Start completed.
2025-02-16T22:04:21.868+09:00  WARN 19021 --- [    Test worker] org.hibernate.orm.deprecation            : HHH90000025: MySQLDialect does not need to be specified explicitly using 'hibernate.dialect' (remove the property setting and it will be selected by default)
2025-02-16T22:04:21.868+09:00  INFO 19021 --- [    Test worker] org.hibernate.orm.connections.pooling    : HHH10001005: Database info:
	Database JDBC URL [Connecting through datasource 'HikariDataSource (HikariPool-2)']
	Database driver: undefined/unknown
	Database version: 8.0.41
	Autocommit mode: undefined/unknown
	Isolation level: undefined/unknown
	Minimum pool size: undefined/unknown
	Maximum pool size: undefined/unknown
2025-02-16T22:04:21.892+09:00  WARN 19021 --- [    Test worker] org.hibernate.mapping.RootClass          : HHH000038: Composite-id class does not override equals(): com.example.demo.entity.StocksHistory$PK
2025-02-16T22:04:21.892+09:00  WARN 19021 --- [    Test worker] org.hibernate.mapping.RootClass          : HHH000039: Composite-id class does not override hashCode(): com.example.demo.entity.StocksHistory$PK
2025-02-16T22:04:21.911+09:00  INFO 19021 --- [    Test worker] o.h.e.t.j.p.i.JtaPlatformInitiator       : HHH000489: No JTA platform available (set 'hibernate.transaction.jta.platform' to enable JTA platform integration)
2025-02-16T22:04:21.911+09:00  INFO 19021 --- [    Test worker] j.LocalContainerEntityManagerFactoryBean : Initialized JPA EntityManagerFactory for persistence unit 'default'
2025-02-16T22:04:21.950+09:00  WARN 19021 --- [    Test worker] JpaBaseConfiguration$JpaWebConfiguration : spring.jpa.open-in-view is enabled by default. Therefore, database queries may be performed during view rendering. Explicitly configure spring.jpa.open-in-view to disable this warning
2025-02-16T22:04:21.962+09:00  WARN 19021 --- [    Test worker] .s.s.UserDetailsServiceAutoConfiguration : 

Using generated security password: ee4788af-6b75-4b87-a05a-ac8ea5a3ce7b

This generated password is for development use only. Your security configuration must be updated before running your application in production.

2025-02-16T22:04:21.964+09:00  INFO 19021 --- [    Test worker] r$InitializeUserDetailsManagerConfigurer : Global AuthenticationManager configured with UserDetailsService bean with name inMemoryUserDetailsManager
2025-02-16T22:04:22.136+09:00  INFO 19021 --- [    Test worker] o.s.b.t.m.w.SpringBootMockServletContext : Initializing Spring TestDispatcherServlet ''
2025-02-16T22:04:22.136+09:00  INFO 19021 --- [    Test worker] o.s.t.web.servlet.TestDispatcherServlet  : Initializing Servlet ''
2025-02-16T22:04:22.137+09:00  INFO 19021 --- [    Test worker] o.s.t.web.servlet.TestDispatcherServlet  : Completed initialization in 1 ms
2025-02-16T22:04:22.186+09:00  INFO 19021 --- [    Test worker] c.e.demo.controller.StockControllerTest  : Started StockControllerTest in 0.627 seconds (process running for 2.78)
2025-02-16T22:04:22.259+09:00  WARN 19021 --- [    Test worker] .w.s.m.s.DefaultHandlerExceptionResolver : Resolved [org.springframework.web.bind.MissingServletRequestParameterException: Required request parameter 'startDate' for method parameter type String is not present]
]]></system-out>
  <system-err><![CDATA[]]></system-err>
</testsuite>
